# JRE version: OpenJDK Runtime Environment (7.0_51) (build 1.7.0_51-b00)
# Java VM: OpenJDK Client VM (24.45-b08 mixed mode, sharing linux-x86 )
Heap
 def new generation   total 24768K, used 4272K [0x6a930000, 0x6c400000, 0x72930000)
  eden space 22080K,   7% used [0x6a930000, 0x6aabc368, 0x6bec0000)
  from space 2688K, 100% used [0x6bec0000, 0x6c160000, 0x6c160000)
  to   space 2688K,   0% used [0x6c160000, 0x6c160000, 0x6c400000)
 tenured generation   total 54836K, used 29166K [0x72930000, 0x75ebd000, 0x82930000)
   the space 54836K,  53% used [0x72930000, 0x745ab9c8, 0x745aba00, 0x75ebd000)
 compacting perm gen  total 44032K, used 44028K [0x82930000, 0x85430000, 0x92930000)
   the space 44032K,  99% used [0x82930000, 0x8542f0d0, 0x8542f200, 0x85430000)
    ro space 10240K,  58% used [0x92930000, 0x92f0c810, 0x92f0ca00, 0x93330000)
    rw space 12288K,  59% used [0x93330000, 0x93a4ce58, 0x93a4d000, 0x93f30000)
GC Heap History (10 events):
Event: 137.081 GC heap before
{Heap before GC invocations=30 (full 8):
 def new generation   total 24768K, used 841K [0x6a930000, 0x6c410000, 0x72930000)
  eden space 22016K,   3% used [0x6a930000, 0x6aa02628, 0x6beb0000)
  from space 2752K,   0% used [0x6beb0000, 0x6beb0000, 0x6c160000)
  to   space 2752K,   0% used [0x6c160000, 0x6c160000, 0x6c410000)
 tenured generation   total 54836K, used 32901K [0x72930000, 0x75ebd000, 0x82930000)
   the space 54836K,  59% used [0x72930000, 0x749514e8, 0x74951600, 0x75ebd000)
 compacting perm gen  total 42240K, used 42172K [0x82930000, 0x85270000, 0x92930000)
   the space 42240K,  99% used [0x82930000, 0x8525f228, 0x8525f400, 0x85270000)
    ro space 10240K,  58% used [0x92930000, 0x92f0c810, 0x92f0ca00, 0x93330000)
    rw space 12288K,  59% used [0x93330000, 0x93a4ce58, 0x93a4d000, 0x93f30000)
Event: 137.375 GC heap after
Heap after GC invocations=31 (full 9):
 def new generation   total 24768K, used 0K [0x6a930000, 0x6c400000, 0x72930000)
  eden space 22080K,   0% used [0x6a930000, 0x6a930000, 0x6bec0000)
  from space 2688K,   0% used [0x6bec0000, 0x6bec0000, 0x6c160000)
  to   space 2688K,   0% used [0x6c160000, 0x6c160000, 0x6c400000)
 tenured generation   total 54836K, used 28633K [0x72930000, 0x75ebd000, 0x82930000)
   the space 54836K,  52% used [0x72930000, 0x74526588, 0x74526600, 0x75ebd000)
 compacting perm gen  total 42240K, used 42172K [0x82930000, 0x85270000, 0x92930000)
   the space 42240K,  99% used [0x82930000, 0x8525f228, 0x8525f400, 0x85270000)
    ro space 10240K,  58% used [0x92930000, 0x92f0c810, 0x92f0ca00, 0x93330000)
    rw space 12288K,  59% used [0x93330000, 0x93a4ce58, 0x93a4d000, 0x93f30000)
}
Event: 175.371 GC heap before
{Heap before GC invocations=31 (full 9):
 def new generation   total 24768K, used 22080K [0x6a930000, 0x6c400000, 0x72930000)
  eden space 22080K, 100% used [0x6a930000, 0x6bec0000, 0x6bec0000)
  from space 2688K,   0% used [0x6bec0000, 0x6bec0000, 0x6c160000)
  to   space 2688K,   0% used [0x6c160000, 0x6c160000, 0x6c400000)
 tenured generation   total 54836K, used 28633K [0x72930000, 0x75ebd000, 0x82930000)
   the space 54836K,  52% used [0x72930000, 0x74526588, 0x74526600, 0x75ebd000)
 compacting perm gen  total 42496K, used 42421K [0x82930000, 0x852b0000, 0x92930000)
   the space 42496K,  99% used [0x82930000, 0x8529d408, 0x8529d600, 0x852b0000)
    ro space 10240K,  58% used [0x92930000, 0x92f0c810, 0x92f0ca00, 0x93330000)
    rw space 12288K,  59% used [0x93330000, 0x93a4ce58, 0x93a4d000, 0x93f30000)
Event: 175.382 GC heap after
Heap after GC invocations=32 (full 9):
 def new generation   total 24768K, used 1028K [0x6a930000, 0x6c400000, 0x72930000)
  eden space 22080K,   0% used [0x6a930000, 0x6a930000, 0x6bec0000)
  from space 2688K,  38% used [0x6c160000, 0x6c261360, 0x6c400000)
  to   space 2688K,   0% used [0x6bec0000, 0x6bec0000, 0x6c160000)
 tenured generation   total 54836K, used 28633K [0x72930000, 0x75ebd000, 0x82930000)
   the space 54836K,  52% used [0x72930000, 0x74526588, 0x74526600, 0x75ebd000)
 compacting perm gen  total 42496K, used 42421K [0x82930000, 0x852b0000, 0x92930000)
   the space 42496K,  99% used [0x82930000, 0x8529d408, 0x8529d600, 0x852b0000)
    ro space 10240K,  58% used [0x92930000, 0x92f0c810, 0x92f0ca00, 0x93330000)
    rw space 12288K,  59% used [0x93330000, 0x93a4ce58, 0x93a4d000, 0x93f30000)
}
Event: 239.807 GC heap before
{Heap before GC invocations=32 (full 9):
 def new generation   total 24768K, used 19787K [0x6a930000, 0x6c400000, 0x72930000)
  eden space 22080K,  84% used [0x6a930000, 0x6bb819d8, 0x6bec0000)
  from space 2688K,  38% used [0x6c160000, 0x6c261360, 0x6c400000)
  to   space 2688K,   0% used [0x6bec0000, 0x6bec0000, 0x6c160000)
 tenured generation   total 54836K, used 28633K [0x72930000, 0x75ebd000, 0x82930000)
   the space 54836K,  52% used [0x72930000, 0x74526588, 0x74526600, 0x75ebd000)
 compacting perm gen  total 42752K, used 42715K [0x82930000, 0x852f0000, 0x92930000)
   the space 42752K,  99% used [0x82930000, 0x852e6e28, 0x852e7000, 0x852f0000)
    ro space 10240K,  58% used [0x92930000, 0x92f0c810, 0x92f0ca00, 0x93330000)
    rw space 12288K,  59% used [0x93330000, 0x93a4ce58, 0x93a4d000, 0x93f30000)
Event: 240.100 GC heap after
Heap after GC invocations=33 (full 10):
 def new generation   total 24768K, used 0K [0x6a930000, 0x6c400000, 0x72930000)
  eden space 22080K,   0% used [0x6a930000, 0x6a930000, 0x6bec0000)
  from space 2688K,   0% used [0x6c160000, 0x6c160000, 0x6c400000)
  to   space 2688K,   0% used [0x6bec0000, 0x6bec0000, 0x6c160000)
 tenured generation   total 54836K, used 28373K [0x72930000, 0x75ebd000, 0x82930000)
   the space 54836K,  51% used [0x72930000, 0x744e5580, 0x744e5600, 0x75ebd000)
 compacting perm gen  total 42752K, used 42715K [0x82930000, 0x852f0000, 0x92930000)
   the space 42752K,  99% used [0x82930000, 0x852e6e28, 0x852e7000, 0x852f0000)
    ro space 10240K,  58% used [0x92930000, 0x92f0c810, 0x92f0ca00, 0x93330000)
    rw space 12288K,  59% used [0x93330000, 0x93a4ce58, 0x93a4d000, 0x93f30000)
}
Event: 299.808 GC heap before
{Heap before GC invocations=33 (full 10):
 def new generation   total 24768K, used 244K [0x6a930000, 0x6c400000, 0x72930000)
  eden space 22080K,   1% used [0x6a930000, 0x6a96d2d8, 0x6bec0000)
  from space 2688K,   0% used [0x6c160000, 0x6c160000, 0x6c400000)
  to   space 2688K,   0% used [0x6bec0000, 0x6bec0000, 0x6c160000)
 tenured generation   total 54836K, used 28373K [0x72930000, 0x75ebd000, 0x82930000)
   the space 54836K,  51% used [0x72930000, 0x744e5580, 0x744e5600, 0x75ebd000)
 compacting perm gen  total 42752K, used 42715K [0x82930000, 0x852f0000, 0x92930000)
   the space 42752K,  99% used [0x82930000, 0x852e6e28, 0x852e7000, 0x852f0000)
    ro space 10240K,  58% used [0x92930000, 0x92f0c810, 0x92f0ca00, 0x93330000)
    rw space 12288K,  59% used [0x93330000, 0x93a4ce58, 0x93a4d000, 0x93f30000)
Event: 300.097 GC heap after
Heap after GC invocations=34 (full 11):
 def new generation   total 24768K, used 0K [0x6a930000, 0x6c400000, 0x72930000)
  eden space 22080K,   0% used [0x6a930000, 0x6a930000, 0x6bec0000)
  from space 2688K,   0% used [0x6c160000, 0x6c160000, 0x6c400000)
  to   space 2688K,   0% used [0x6bec0000, 0x6bec0000, 0x6c160000)
 tenured generation   total 54836K, used 27784K [0x72930000, 0x75ebd000, 0x82930000)
   the space 54836K,  50% used [0x72930000, 0x74452188, 0x74452200, 0x75ebd000)
 compacting perm gen  total 42752K, used 42715K [0x82930000, 0x852f0000, 0x92930000)
   the space 42752K,  99% used [0x82930000, 0x852e6e28, 0x852e7000, 0x852f0000)
    ro space 10240K,  58% used [0x92930000, 0x92f0c810, 0x92f0ca00, 0x93330000)
    rw space 12288K,  59% used [0x93330000, 0x93a4ce58, 0x93a4d000, 0x93f30000)
}
Event: 333.706 GC heap before
{Heap before GC invocations=34 (full 11):
 def new generation   total 24768K, used 22080K [0x6a930000, 0x6c400000, 0x72930000)
  eden space 22080K, 100% used [0x6a930000, 0x6bec0000, 0x6bec0000)
  from space 2688K,   0% used [0x6c160000, 0x6c160000, 0x6c400000)
  to   space 2688K,   0% used [0x6bec0000, 0x6bec0000, 0x6c160000)
 tenured generation   total 54836K, used 27784K [0x72930000, 0x75ebd000, 0x82930000)
   the space 54836K,  50% used [0x72930000, 0x74452188, 0x74452200, 0x75ebd000)
 compacting perm gen  total 43776K, used 43620K [0x82930000, 0x853f0000, 0x92930000)
   the space 43776K,  99% used [0x82930000, 0x853c92e8, 0x853c9400, 0x853f0000)
    ro space 10240K,  58% used [0x92930000, 0x92f0c810, 0x92f0ca00, 0x93330000)
    rw space 12288K,  59% used [0x93330000, 0x93a4ce58, 0x93a4d000, 0x93f30000)
Event: 333.727 GC heap after
Heap after GC invocations=35 (full 11):
 def new generation   total 24768K, used 2688K [0x6a930000, 0x6c400000, 0x72930000)
  eden space 22080K,   0% used [0x6a930000, 0x6a930000, 0x6bec0000)
  from space 2688K, 100% used [0x6bec0000, 0x6c160000, 0x6c160000)
  to   space 2688K,   0% used [0x6c160000, 0x6c160000, 0x6c400000)
 tenured generation   total 54836K, used 29166K [0x72930000, 0x75ebd000, 0x82930000)
   the space 54836K,  53% used [0x72930000, 0x745ab9c8, 0x745aba00, 0x75ebd000)
 compacting perm gen  total 43776K, used 43620K [0x82930000, 0x853f0000, 0x92930000)
   the space 43776K,  99% used [0x82930000, 0x853c92e8, 0x853c9400, 0x853f0000)
    ro space 10240K,  58% used [0x92930000, 0x92f0c810, 0x92f0ca00, 0x93330000)
    rw space 12288K,  59% used [0x93330000, 0x93a4ce58, 0x93a4d000, 0x93f30000)
}

